  jsb_module_register.cpp
  main.cpp
  AppDelegate.cpp
C:\Program Files (x86)\Microsoft Visual Studio 14.0\VC\include\xlocale(341): warning C4530: C++ exception handler used, but unwind semantics are not enabled. Specify /EHsc (compiling source file ..\Classes\jsb_module_register.cpp)
C:\Program Files (x86)\Microsoft Visual Studio 14.0\VC\include\xlocale(341): warning C4530: C++ exception handler used, but unwind semantics are not enabled. Specify /EHsc (compiling source file main.cpp)
C:\Program Files (x86)\Microsoft Visual Studio 14.0\VC\include\xlocale(341): warning C4530: C++ exception handler used, but unwind semantics are not enabled. Specify /EHsc (compiling source file ..\Classes\AppDelegate.cpp)
C:\Program Files (x86)\Microsoft Visual Studio 14.0\VC\include\exception(359): warning C4577: 'noexcept' used with no exception handling mode specified; termination on exception is not guaranteed. Specify /EHsc (compiling source file main.cpp)
d:\cocoscreator\resources\cocos2d-x\cocos\2d/CCTMXObjectGroup.h(49): warning C4099: 'cocos2d::Color4F': type name first seen using 'struct' now seen using 'class' (compiling source file ..\Classes\AppDelegate.cpp)
  d:\cocoscreator\resources\cocos2d-x\cocos\base/ccTypes.h(134): note: see declaration of 'cocos2d::Color4F' (compiling source file ..\Classes\AppDelegate.cpp)
d:\cocoscreator\resources\cocos2d-x\cocos\2d/CCTMXObjectGroup.h(49): warning C4099: 'cocos2d::Color4F': type name first seen using 'struct' now seen using 'class' (compiling source file ..\Classes\jsb_module_register.cpp)
  d:\cocoscreator\resources\cocos2d-x\cocos\base/ccTypes.h(134): note: see declaration of 'cocos2d::Color4F' (compiling source file ..\Classes\jsb_module_register.cpp)
..\Classes\AppDelegate.cpp(56): warning C4305: 'argument': truncation from 'double' to 'float'
C:\Program Files (x86)\Microsoft Visual Studio 14.0\VC\include\exception(359): warning C4577: 'noexcept' used with no exception handling mode specified; termination on exception is not guaranteed. Specify /EHsc (compiling source file ..\Classes\AppDelegate.cpp)
C:\Program Files (x86)\Microsoft Visual Studio 14.0\VC\include\cmath(75): warning C4577: 'noexcept' used with no exception handling mode specified; termination on exception is not guaranteed. Specify /EHsc (compiling source file ..\Classes\jsb_module_register.cpp)
     Creating library C:\Users\Dell\Documents\TapnFlap\build\jsb-link\frameworks\runtime-src\proj.win32\Release.win32\TapnFlap.lib and object C:\Users\Dell\Documents\TapnFlap\build\jsb-link\frameworks\runtime-src\proj.win32\Release.win32\TapnFlap.exp
  TapnFlap.vcxproj -> C:\Users\Dell\Documents\TapnFlap\build\jsb-link\frameworks\runtime-src\proj.win32\Release.win32\TapnFlap.exe
  TapnFlap.vcxproj -> C:\Users\Dell\Documents\TapnFlap\build\jsb-link\frameworks\runtime-src\proj.win32\Release.win32\TapnFlap.pdb (Full PDB)
  D:\CocosCreator\resources\cocos2d-x\cocos\scripting\js-bindings\script\jsb.js -> C:\Users\Dell\Documents\TapnFlap\build\jsb-link\frameworks\runtime-src\proj.win32\Release.win32\script\jsb.js
  D:\CocosCreator\resources\cocos2d-x\cocos\scripting\js-bindings\script\jsb_audioengine.js -> C:\Users\Dell\Documents\TapnFlap\build\jsb-link\frameworks\runtime-src\proj.win32\Release.win32\script\jsb_audioengine.js
  D:\CocosCreator\resources\cocos2d-x\cocos\scripting\js-bindings\script\jsb_boot.js -> C:\Users\Dell\Documents\TapnFlap\build\jsb-link\frameworks\runtime-src\proj.win32\Release.win32\script\jsb_boot.js
  D:\CocosCreator\resources\cocos2d-x\cocos\scripting\js-bindings\script\jsb_cocos2d.js -> C:\Users\Dell\Documents\TapnFlap\build\jsb-link\frameworks\runtime-src\proj.win32\Release.win32\script\jsb_cocos2d.js
  D:\CocosCreator\resources\cocos2d-x\cocos\scripting\js-bindings\script\jsb_cocosanalytics.js -> C:\Users\Dell\Documents\TapnFlap\build\jsb-link\frameworks\runtime-src\proj.win32\Release.win32\script\jsb_cocosanalytics.js
  D:\CocosCreator\resources\cocos2d-x\cocos\scripting\js-bindings\script\jsb_common.js -> C:\Users\Dell\Documents\TapnFlap\build\jsb-link\frameworks\runtime-src\proj.win32\Release.win32\script\jsb_common.js
  D:\CocosCreator\resources\cocos2d-x\cocos\scripting\js-bindings\script\jsb_create_apis.js -> C:\Users\Dell\Documents\TapnFlap\build\jsb-link\frameworks\runtime-src\proj.win32\Release.win32\script\jsb_create_apis.js
  D:\CocosCreator\resources\cocos2d-x\cocos\scripting\js-bindings\script\jsb_debugger.js -> C:\Users\Dell\Documents\TapnFlap\build\jsb-link\frameworks\runtime-src\proj.win32\Release.win32\script\jsb_debugger.js
  D:\CocosCreator\resources\cocos2d-x\cocos\scripting\js-bindings\script\jsb_dragonbones.js -> C:\Users\Dell\Documents\TapnFlap\build\jsb-link\frameworks\runtime-src\proj.win32\Release.win32\script\jsb_dragonbones.js
  D:\CocosCreator\resources\cocos2d-x\cocos\scripting\js-bindings\script\jsb_opengl.js -> C:\Users\Dell\Documents\TapnFlap\build\jsb-link\frameworks\runtime-src\proj.win32\Release.win32\script\jsb_opengl.js
  D:\CocosCreator\resources\cocos2d-x\cocos\scripting\js-bindings\script\jsb_opengl_constants.js -> C:\Users\Dell\Documents\TapnFlap\build\jsb-link\frameworks\runtime-src\proj.win32\Release.win32\script\jsb_opengl_constants.js
  D:\CocosCreator\resources\cocos2d-x\cocos\scripting\js-bindings\script\jsb_prepare.js -> C:\Users\Dell\Documents\TapnFlap\build\jsb-link\frameworks\runtime-src\proj.win32\Release.win32\script\jsb_prepare.js
  D:\CocosCreator\resources\cocos2d-x\cocos\scripting\js-bindings\script\jsb_property_apis.js -> C:\Users\Dell\Documents\TapnFlap\build\jsb-link\frameworks\runtime-src\proj.win32\Release.win32\script\jsb_property_apis.js
  D:\CocosCreator\resources\cocos2d-x\cocos\scripting\js-bindings\script\jsb_property_impls.js -> C:\Users\Dell\Documents\TapnFlap\build\jsb-link\frameworks\runtime-src\proj.win32\Release.win32\script\jsb_property_impls.js
  D:\CocosCreator\resources\cocos2d-x\cocos\scripting\js-bindings\script\jsb_spine.js -> C:\Users\Dell\Documents\TapnFlap\build\jsb-link\frameworks\runtime-src\proj.win32\Release.win32\script\jsb_spine.js
  D:\CocosCreator\resources\cocos2d-x\cocos\scripting\js-bindings\script\ccui\jsb_ccui_create_apis.js -> C:\Users\Dell\Documents\TapnFlap\build\jsb-link\frameworks\runtime-src\proj.win32\Release.win32\script\ccui\jsb_ccui_create_apis.js
  D:\CocosCreator\resources\cocos2d-x\cocos\scripting\js-bindings\script\ccui\jsb_ccui_deprecated.js -> C:\Users\Dell\Documents\TapnFlap\build\jsb-link\frameworks\runtime-src\proj.win32\Release.win32\script\ccui\jsb_ccui_deprecated.js
  D:\CocosCreator\resources\cocos2d-x\cocos\scripting\js-bindings\script\ccui\jsb_ccui_property_apis.js -> C:\Users\Dell\Documents\TapnFlap\build\jsb-link\frameworks\runtime-src\proj.win32\Release.win32\script\ccui\jsb_ccui_property_apis.js
  D:\CocosCreator\resources\cocos2d-x\cocos\scripting\js-bindings\script\ccui\jsb_ccui_property_impls.js -> C:\Users\Dell\Documents\TapnFlap\build\jsb-link\frameworks\runtime-src\proj.win32\Release.win32\script\ccui\jsb_ccui_property_impls.js
  D:\CocosCreator\resources\cocos2d-x\cocos\scripting\js-bindings\script\ccui\jsb_cocos2d_ui.js -> C:\Users\Dell\Documents\TapnFlap\build\jsb-link\frameworks\runtime-src\proj.win32\Release.win32\script\ccui\jsb_cocos2d_ui.js
  D:\CocosCreator\resources\cocos2d-x\cocos\scripting\js-bindings\script\debugger\DevToolsUtils.js -> C:\Users\Dell\Documents\TapnFlap\build\jsb-link\frameworks\runtime-src\proj.win32\Release.win32\script\debugger\DevToolsUtils.js
  D:\CocosCreator\resources\cocos2d-x\cocos\scripting\js-bindings\script\debugger\event-emitter.js -> C:\Users\Dell\Documents\TapnFlap\build\jsb-link\frameworks\runtime-src\proj.win32\Release.win32\script\debugger\event-emitter.js
  D:\CocosCreator\resources\cocos2d-x\cocos\scripting\js-bindings\script\debugger\main.js -> C:\Users\Dell\Documents\TapnFlap\build\jsb-link\frameworks\runtime-src\proj.win32\Release.win32\script\debugger\main.js
  D:\CocosCreator\resources\cocos2d-x\cocos\scripting\js-bindings\script\debugger\protocol.js -> C:\Users\Dell\Documents\TapnFlap\build\jsb-link\frameworks\runtime-src\proj.win32\Release.win32\script\debugger\protocol.js
  D:\CocosCreator\resources\cocos2d-x\cocos\scripting\js-bindings\script\debugger\README.md -> C:\Users\Dell\Documents\TapnFlap\build\jsb-link\frameworks\runtime-src\proj.win32\Release.win32\script\debugger\README.md
  D:\CocosCreator\resources\cocos2d-x\cocos\scripting\js-bindings\script\debugger\transport.js -> C:\Users\Dell\Documents\TapnFlap\build\jsb-link\frameworks\runtime-src\proj.win32\Release.win32\script\debugger\transport.js
  D:\CocosCreator\resources\cocos2d-x\cocos\scripting\js-bindings\script\debugger\actors\breakpoint.js -> C:\Users\Dell\Documents\TapnFlap\build\jsb-link\frameworks\runtime-src\proj.win32\Release.win32\script\debugger\actors\breakpoint.js
  D:\CocosCreator\resources\cocos2d-x\cocos\scripting\js-bindings\script\debugger\actors\common.js -> C:\Users\Dell\Documents\TapnFlap\build\jsb-link\frameworks\runtime-src\proj.win32\Release.win32\script\debugger\actors\common.js
  D:\CocosCreator\resources\cocos2d-x\cocos\scripting\js-bindings\script\debugger\actors\environment.js -> C:\Users\Dell\Documents\TapnFlap\build\jsb-link\frameworks\runtime-src\proj.win32\Release.win32\script\debugger\actors\environment.js
  D:\CocosCreator\resources\cocos2d-x\cocos\scripting\js-bindings\script\debugger\actors\frame.js -> C:\Users\Dell\Documents\TapnFlap\build\jsb-link\frameworks\runtime-src\proj.win32\Release.win32\script\debugger\actors\frame.js
  D:\CocosCreator\resources\cocos2d-x\cocos\scripting\js-bindings\script\debugger\actors\object.js -> C:\Users\Dell\Documents\TapnFlap\build\jsb-link\frameworks\runtime-src\proj.win32\Release.win32\script\debugger\actors\object.js
  D:\CocosCreator\resources\cocos2d-x\cocos\scripting\js-bindings\script\debugger\actors\root.js -> C:\Users\Dell\Documents\TapnFlap\build\jsb-link\frameworks\runtime-src\proj.win32\Release.win32\script\debugger\actors\root.js
  D:\CocosCreator\resources\cocos2d-x\cocos\scripting\js-bindings\script\debugger\actors\script.js -> C:\Users\Dell\Documents\TapnFlap\build\jsb-link\frameworks\runtime-src\proj.win32\Release.win32\script\debugger\actors\script.js
  D:\CocosCreator\resources\cocos2d-x\cocos\scripting\js-bindings\script\debugger\actors\source.js -> C:\Users\Dell\Documents\TapnFlap\build\jsb-link\frameworks\runtime-src\proj.win32\Release.win32\script\debugger\actors\source.js
  D:\CocosCreator\resources\cocos2d-x\cocos\scripting\js-bindings\script\debugger\actors\webconsole.js -> C:\Users\Dell\Documents\TapnFlap\build\jsb-link\frameworks\runtime-src\proj.win32\Release.win32\script\debugger\actors\webconsole.js
  D:\CocosCreator\resources\cocos2d-x\cocos\scripting\js-bindings\script\debugger\actors\utils\ScriptStore.js -> C:\Users\Dell\Documents\TapnFlap\build\jsb-link\frameworks\runtime-src\proj.win32\Release.win32\script\debugger\actors\utils\ScriptStore.js
  D:\CocosCreator\resources\cocos2d-x\cocos\scripting\js-bindings\script\debugger\actors\utils\TabSources.js -> C:\Users\Dell\Documents\TapnFlap\build\jsb-link\frameworks\runtime-src\proj.win32\Release.win32\script\debugger\actors\utils\TabSources.js
  D:\CocosCreator\resources\cocos2d-x\cocos\scripting\js-bindings\script\debugger\sdk\event-core.js -> C:\Users\Dell\Documents\TapnFlap\build\jsb-link\frameworks\runtime-src\proj.win32\Release.win32\script\debugger\sdk\event-core.js
  D:\CocosCreator\resources\cocos2d-x\cocos\scripting\js-bindings\script\debugger\sdk\heritage.js -> C:\Users\Dell\Documents\TapnFlap\build\jsb-link\frameworks\runtime-src\proj.win32\Release.win32\script\debugger\sdk\heritage.js
  D:\CocosCreator\resources\cocos2d-x\cocos\scripting\js-bindings\script\debugger\sdk\object.js -> C:\Users\Dell\Documents\TapnFlap\build\jsb-link\frameworks\runtime-src\proj.win32\Release.win32\script\debugger\sdk\object.js
  D:\CocosCreator\resources\cocos2d-x\cocos\scripting\js-bindings\script\debugger\sdk\target.js -> C:\Users\Dell\Documents\TapnFlap\build\jsb-link\frameworks\runtime-src\proj.win32\Release.win32\script\debugger\sdk\target.js
  D:\CocosCreator\resources\cocos2d-x\cocos\scripting\js-bindings\script\debugger\webconsole\utils.js -> C:\Users\Dell\Documents\TapnFlap\build\jsb-link\frameworks\runtime-src\proj.win32\Release.win32\script\debugger\webconsole\utils.js
  D:\CocosCreator\resources\cocos2d-x\cocos\scripting\js-bindings\script\extension\jsb_cocos2d_extension.js -> C:\Users\Dell\Documents\TapnFlap\build\jsb-link\frameworks\runtime-src\proj.win32\Release.win32\script\extension\jsb_cocos2d_extension.js
  43 File(s) copied
  C:\Users\Dell\Documents\TapnFlap\build\jsb-link\src\jsb_polyfill.jsc -> C:\Users\Dell\Documents\TapnFlap\build\jsb-link\frameworks\runtime-src\proj.win32\Release.win32\src\jsb_polyfill.jsc
  C:\Users\Dell\Documents\TapnFlap\build\jsb-link\src\project.jsc -> C:\Users\Dell\Documents\TapnFlap\build\jsb-link\frameworks\runtime-src\proj.win32\Release.win32\src\project.jsc
  C:\Users\Dell\Documents\TapnFlap\build\jsb-link\src\settings.jsc -> C:\Users\Dell\Documents\TapnFlap\build\jsb-link\frameworks\runtime-src\proj.win32\Release.win32\src\settings.jsc
  3 File(s) copied
  C:\Users\Dell\Documents\TapnFlap\build\jsb-link\res\import\02\022c95c6a.json -> C:\Users\Dell\Documents\TapnFlap\build\jsb-link\frameworks\runtime-src\proj.win32\Release.win32\res\import\02\022c95c6a.json
  C:\Users\Dell\Documents\TapnFlap\build\jsb-link\res\import\03\039360f1c.json -> C:\Users\Dell\Documents\TapnFlap\build\jsb-link\frameworks\runtime-src\proj.win32\Release.win32\res\import\03\039360f1c.json
  C:\Users\Dell\Documents\TapnFlap\build\jsb-link\res\import\06\06a9537ec.json -> C:\Users\Dell\Documents\TapnFlap\build\jsb-link\frameworks\runtime-src\proj.win32\Release.win32\res\import\06\06a9537ec.json
  C:\Users\Dell\Documents\TapnFlap\build\jsb-link\res\import\07\0758289e9.json -> C:\Users\Dell\Documents\TapnFlap\build\jsb-link\frameworks\runtime-src\proj.win32\Release.win32\res\import\07\0758289e9.json
  C:\Users\Dell\Documents\TapnFlap\build\jsb-link\res\import\c0\c0ff1860-69aa-4b33-a7fd-0b902810b564.json -> C:\Users\Dell\Documents\TapnFlap\build\jsb-link\frameworks\runtime-src\proj.win32\Release.win32\res\import\c0\c0ff1860-69aa-4b33-a7fd-0b902810b564.json
  C:\Users\Dell\Documents\TapnFlap\build\jsb-link\res\import\c0\c0ff1860-69aa-4b33-a7fd-0b902810b564\BAUHS93.ttf -> C:\Users\Dell\Documents\TapnFlap\build\jsb-link\frameworks\runtime-src\proj.win32\Release.win32\res\import\c0\c0ff1860-69aa-4b33-a7fd-0b902810b564\BAUHS93.ttf
  C:\Users\Dell\Documents\TapnFlap\build\jsb-link\res\import\c7\c771fec3-df30-4d6c-8db3-07f551f0ed0c.json -> C:\Users\Dell\Documents\TapnFlap\build\jsb-link\frameworks\runtime-src\proj.win32\Release.win32\res\import\c7\c771fec3-df30-4d6c-8db3-07f551f0ed0c.json
  C:\Users\Dell\Documents\TapnFlap\build\jsb-link\res\raw-assets\Resources\Sounds\collision.mp3 -> C:\Users\Dell\Documents\TapnFlap\build\jsb-link\frameworks\runtime-src\proj.win32\Release.win32\res\raw-assets\Resources\Sounds\collision.mp3
  C:\Users\Dell\Documents\TapnFlap\build\jsb-link\res\raw-assets\Resources\Sounds\drop.mp3 -> C:\Users\Dell\Documents\TapnFlap\build\jsb-link\frameworks\runtime-src\proj.win32\Release.win32\res\raw-assets\Resources\Sounds\drop.mp3
  C:\Users\Dell\Documents\TapnFlap\build\jsb-link\res\raw-assets\Resources\Sounds\point.mp3 -> C:\Users\Dell\Documents\TapnFlap\build\jsb-link\frameworks\runtime-src\proj.win32\Release.win32\res\raw-assets\Resources\Sounds\point.mp3
  C:\Users\Dell\Documents\TapnFlap\build\jsb-link\res\raw-assets\Resources\Sounds\rise.mp3 -> C:\Users\Dell\Documents\TapnFlap\build\jsb-link\frameworks\runtime-src\proj.win32\Release.win32\res\raw-assets\Resources\Sounds\rise.mp3
  C:\Users\Dell\Documents\TapnFlap\build\jsb-link\res\raw-assets\Resources\Sounds\swooshing.mp3 -> C:\Users\Dell\Documents\TapnFlap\build\jsb-link\frameworks\runtime-src\proj.win32\Release.win32\res\raw-assets\Resources\Sounds\swooshing.mp3
  C:\Users\Dell\Documents\TapnFlap\build\jsb-link\res\raw-assets\Resources\Textures\background.png -> C:\Users\Dell\Documents\TapnFlap\build\jsb-link\frameworks\runtime-src\proj.win32\Release.win32\res\raw-assets\Resources\Textures\background.png
  C:\Users\Dell\Documents\TapnFlap\build\jsb-link\res\raw-assets\Resources\Textures\bird1.png -> C:\Users\Dell\Documents\TapnFlap\build\jsb-link\frameworks\runtime-src\proj.win32\Release.win32\res\raw-assets\Resources\Textures\bird1.png
  C:\Users\Dell\Documents\TapnFlap\build\jsb-link\res\raw-assets\Resources\Textures\bird2.png -> C:\Users\Dell\Documents\TapnFlap\build\jsb-link\frameworks\runtime-src\proj.win32\Release.win32\res\raw-assets\Resources\Textures\bird2.png
  C:\Users\Dell\Documents\TapnFlap\build\jsb-link\res\raw-assets\Resources\Textures\bird3.png -> C:\Users\Dell\Documents\TapnFlap\build\jsb-link\frameworks\runtime-src\proj.win32\Release.win32\res\raw-assets\Resources\Textures\bird3.png
  C:\Users\Dell\Documents\TapnFlap\build\jsb-link\res\raw-assets\Resources\Textures\bottomPipe.png -> C:\Users\Dell\Documents\TapnFlap\build\jsb-link\frameworks\runtime-src\proj.win32\Release.win32\res\raw-assets\Resources\Textures\bottomPipe.png
  C:\Users\Dell\Documents\TapnFlap\build\jsb-link\res\raw-assets\Resources\Textures\city.png -> C:\Users\Dell\Documents\TapnFlap\build\jsb-link\frameworks\runtime-src\proj.win32\Release.win32\res\raw-assets\Resources\Textures\city.png
  C:\Users\Dell\Documents\TapnFlap\build\jsb-link\res\raw-assets\Resources\Textures\cloud.png -> C:\Users\Dell\Documents\TapnFlap\build\jsb-link\frameworks\runtime-src\proj.win32\Release.win32\res\raw-assets\Resources\Textures\cloud.png
  C:\Users\Dell\Documents\TapnFlap\build\jsb-link\res\raw-assets\Resources\Textures\grass.png -> C:\Users\Dell\Documents\TapnFlap\build\jsb-link\frameworks\runtime-src\proj.win32\Release.win32\res\raw-assets\Resources\Textures\grass.png
  C:\Users\Dell\Documents\TapnFlap\build\jsb-link\res\raw-assets\Resources\Textures\ground.png -> C:\Users\Dell\Documents\TapnFlap\build\jsb-link\frameworks\runtime-src\proj.win32\Release.win32\res\raw-assets\Resources\Textures\ground.png
  C:\Users\Dell\Documents\TapnFlap\build\jsb-link\res\raw-assets\Resources\Textures\medal_silver.png -> C:\Users\Dell\Documents\TapnFlap\build\jsb-link\frameworks\runtime-src\proj.win32\Release.win32\res\raw-assets\Resources\Textures\medal_silver.png
  C:\Users\Dell\Documents\TapnFlap\build\jsb-link\res\raw-assets\Resources\Textures\resultBoard.png -> C:\Users\Dell\Documents\TapnFlap\build\jsb-link\frameworks\runtime-src\proj.win32\Release.win32\res\raw-assets\Resources\Textures\resultBoard.png
  C:\Users\Dell\Documents\TapnFlap\build\jsb-link\res\raw-assets\Resources\Textures\taptap.png -> C:\Users\Dell\Documents\TapnFlap\build\jsb-link\frameworks\runtime-src\proj.win32\Release.win32\res\raw-assets\Resources\Textures\taptap.png
  C:\Users\Dell\Documents\TapnFlap\build\jsb-link\res\raw-assets\Resources\Textures\topPipe.png -> C:\Users\Dell\Documents\TapnFlap\build\jsb-link\frameworks\runtime-src\proj.win32\Release.win32\res\raw-assets\Resources\Textures\topPipe.png
  C:\Users\Dell\Documents\TapnFlap\build\jsb-link\res\raw-internal\image\default_btn_normal.png -> C:\Users\Dell\Documents\TapnFlap\build\jsb-link\frameworks\runtime-src\proj.win32\Release.win32\res\raw-internal\image\default_btn_normal.png
  C:\Users\Dell\Documents\TapnFlap\build\jsb-link\res\raw-internal\image\default_btn_pressed.png -> C:\Users\Dell\Documents\TapnFlap\build\jsb-link\frameworks\runtime-src\proj.win32\Release.win32\res\raw-internal\image\default_btn_pressed.png
  C:\Users\Dell\Documents\TapnFlap\build\jsb-link\res\raw-internal\image\default_sprite_splash.png -> C:\Users\Dell\Documents\TapnFlap\build\jsb-link\frameworks\runtime-src\proj.win32\Release.win32\res\raw-internal\image\default_sprite_splash.png
  28 File(s) copied
          1 file(s) copied.
          1 file(s) copied.
